<?xml version="1.0" encoding="UTF-8"?>
<!-- Generated by org.testng.reporters.JUnitXMLReporter -->
<testsuite hostname="Yusufs-MacBook-Pro.local" ignored="1" name="Default test" tests="3" failures="0" timestamp="2020-01-25T12:35:25 CST" time="96.173" errors="0">
  <testcase name="addEmpWithDataProvider" time="11.525" classname="com.hrms.testcases.AddEmployeePageTest"/>
  <testcase name="addEmpWithDataProvider" time="22.803" classname="com.hrms.testcases.AddEmployeePageTest"/>
  <testcase name="addEmpWithDataProvider" time="39.743" classname="com.hrms.testcases.AddEmployeePageTest"/>
  <testcase name="addEmployeeValidation" time="0.0" classname="com.hrms.testcases.AddEmployeePageTest">
    <ignored/>
  </testcase> <!-- addEmployeeValidation -->
</testsuite> <!-- Default test -->
