<?xml version="1.0" encoding="UTF-8"?>
<!-- Generated by org.testng.reporters.JUnitXMLReporter -->
<testsuite hostname="Yusufs-MBP.home" ignored="0" name="Test" tests="2" failures="2" timestamp="2020-01-21T18:01:30 CST" time="0.064" errors="0">
  <testcase name="loginValidation" time="0.028" classname="com.hrms.testcases.LoginWithCredentials">
    <failure type="java.lang.NullPointerException">
      <![CDATA[java.lang.NullPointerException
at org.openqa.selenium.support.pagefactory.DefaultElementLocator.findElement(DefaultElementLocator.java:69)
at org.openqa.selenium.support.pagefactory.internal.LocatingElementHandler.invoke(LocatingElementHandler.java:38)
at com.sun.proxy.$Proxy7.clear(Unknown Source)
at com.hrms.utils.CommonMethods.sendText(CommonMethods.java:169)
at com.hrms.pages.LoginPageElements.login(LoginPageElements.java:33)
at com.hrms.testcases.LoginWithCredentials.loginValidation(LoginWithCredentials.java:19)
at java.util.ArrayList.forEach(ArrayList.java:1257)
... Removed 27 stack frames]]>
    </failure>
  </testcase> <!-- loginValidation -->
  <testcase name="loginValidation" time="0.045" classname="com.hrms.testcases.LoginWithCredentials">
    <failure type="java.lang.NullPointerException">
      <![CDATA[java.lang.NullPointerException
at com.hrms.utils.CommonMethods.takeScreenshot(CommonMethods.java:155)
at com.hrms.utils.Listener.onTestFailure(Listener.java:20)
at java.util.ArrayList.forEach(ArrayList.java:1257)
... Removed 24 stack frames]]>
    </failure>
  </testcase> <!-- loginValidation -->
</testsuite> <!-- Test -->
