<?xml version="1.0" encoding="UTF-8"?>
<!-- Generated by org.testng.reporters.JUnitXMLReporter -->
<testsuite hostname="Yusufs-MacBook-Pro.local" ignored="12" name="Regression Test" tests="6" failures="0" timestamp="2020-01-25T12:40:38 CST" time="57.669" errors="0">
  <testcase name="addEmpWithDataProvider" time="6.521" classname="com.hrms.testcases.AddEmployeePageTest"/>
  <testcase name="addEmpWithDataProvider" time="6.348" classname="com.hrms.testcases.AddEmployeePageTest"/>
  <testcase name="addEmpWithDataProvider" time="9.395" classname="com.hrms.testcases.AddEmployeePageTest"/>
  <testcase name="addEmployeeValidation" time="8.76" classname="com.hrms.testcases.AddEmployeePageTest"/>
  <testcase name="leaveLabelValidation" time="4.814" classname="com.hrms.testcases.LeaveListPageTest"/>
  <testcase name="leaveLableValidation1" time="3.354" classname="com.hrms.testcases.LeaveListPageTest"/>
  <testcase name="login" time="0.0" classname="com.hrms.testcases.LoginPageTest">
    <ignored/>
  </testcase> <!-- login -->
  <testcase name="loginValidation" time="0.0" classname="com.hrms.testcases.LoginPageTest">
    <ignored/>
  </testcase> <!-- loginValidation -->
  <testcase name="loginEmptyPw" time="0.0" classname="com.hrms.testcases.LoginPageTest">
    <ignored/>
  </testcase> <!-- loginEmptyPw -->
  <testcase name="@BeforeTest generateReports" time="0.0" classname="com.hrms.testbase.BaseClass">
    <ignored/>
  </testcase> <!-- @BeforeTest generateReports -->
  <testcase name="@BeforeTest generateReports" time="0.0" classname="com.hrms.testbase.BaseClass">
    <ignored/>
  </testcase> <!-- @BeforeTest generateReports -->
  <testcase name="@BeforeTest generateReports" time="0.0" classname="com.hrms.testbase.BaseClass">
    <ignored/>
  </testcase> <!-- @BeforeTest generateReports -->
  <testcase name="@AfterTest completeReport" time="0.0" classname="com.hrms.testbase.BaseClass">
    <ignored/>
  </testcase> <!-- @AfterTest completeReport -->
  <testcase name="@AfterTest completeReport" time="0.0" classname="com.hrms.testbase.BaseClass">
    <ignored/>
  </testcase> <!-- @AfterTest completeReport -->
  <testcase name="@AfterTest completeReport" time="0.0" classname="com.hrms.testbase.BaseClass">
    <ignored/>
  </testcase> <!-- @AfterTest completeReport -->
  <testcase name="multipleLogin" time="0.0" classname="com.hrms.testcases.LoginPageTest">
    <ignored/>
  </testcase> <!-- multipleLogin -->
  <testcase name="uploadPhoto" time="0.0" classname="com.hrms.testcases.PersonalDetailsPageTest">
    <ignored/>
  </testcase> <!-- uploadPhoto -->
  <testcase name="loginWithDataProvider" time="0.0" classname="com.hrms.testcases.LoginPageTest">
    <ignored/>
  </testcase> <!-- loginWithDataProvider -->
</testsuite> <!-- Regression Test -->
