<?xml version="1.0" encoding="UTF-8"?>
<testng-results skipped="0" failed="0" ignored="12" total="18" passed="6">
  <reporter-output>
  </reporter-output>
  <suite name="Regression Suite" duration-ms="57669" started-at="2020-01-25T12:39:40 CST" finished-at="2020-01-25T12:40:38 CST">
    <groups>
      <group name="regression">
        <method signature="AddEmployeePageTest.addEmpWithDataProvider(java.lang.String, java.lang.String)[pri:0, instance:com.hrms.testcases.AddEmployeePageTest@15d0c81b]" name="addEmpWithDataProvider" class="com.hrms.testcases.AddEmployeePageTest"/>
        <method signature="AddEmployeePageTest.addEmployeeValidation()[pri:0, instance:com.hrms.testcases.AddEmployeePageTest@15d0c81b]" name="addEmployeeValidation" class="com.hrms.testcases.AddEmployeePageTest"/>
        <method signature="LeaveListPageTest.leaveLabelValidation()[pri:0, instance:com.hrms.testcases.LeaveListPageTest@27a8c74e]" name="leaveLabelValidation" class="com.hrms.testcases.LeaveListPageTest"/>
        <method signature="LeaveListPageTest.leaveLableValidation1()[pri:0, instance:com.hrms.testcases.LeaveListPageTest@27a8c74e]" name="leaveLableValidation1" class="com.hrms.testcases.LeaveListPageTest"/>
      </group> <!-- regression -->
    </groups>
    <test name="Regression Test" duration-ms="57669" started-at="2020-01-25T12:39:40 CST" finished-at="2020-01-25T12:40:38 CST">
      <class name="com.hrms.testcases.AddEmployeePageTest">
        <test-method status="PASS" signature="generateReports()[pri:0, instance:com.hrms.testcases.AddEmployeePageTest@15d0c81b]" name="generateReports" is-config="true" duration-ms="116" started-at="2020-01-25T12:39:40 CST" finished-at="2020-01-25T12:39:40 CST">
          <reporter-output>
          </reporter-output>
        </test-method> <!-- generateReports -->
        <test-method status="PASS" signature="setUp()[pri:0, instance:com.hrms.testcases.AddEmployeePageTest@15d0c81b]" name="setUp" is-config="true" duration-ms="2507" started-at="2020-01-25T12:39:40 CST" finished-at="2020-01-25T12:39:43 CST">
          <reporter-output>
          </reporter-output>
        </test-method> <!-- setUp -->
        <test-method status="PASS" signature="addEmpWithDataProvider(java.lang.String, java.lang.String)[pri:0, instance:com.hrms.testcases.AddEmployeePageTest@15d0c81b]" name="addEmpWithDataProvider" duration-ms="6521" started-at="2020-01-25T12:39:43 CST" data-provider="addEmployee" finished-at="2020-01-25T12:39:50 CST">
          <params>
            <param index="0">
              <value>
                <![CDATA[Amanda]]>
              </value>
            </param>
            <param index="1">
              <value>
                <![CDATA[Brown]]>
              </value>
            </param>
          </params>
          <reporter-output>
          </reporter-output>
        </test-method> <!-- addEmpWithDataProvider -->
        <test-method status="PASS" signature="tearDown()[pri:0, instance:com.hrms.testcases.AddEmployeePageTest@15d0c81b]" name="tearDown" is-config="true" duration-ms="74" started-at="2020-01-25T12:39:50 CST" finished-at="2020-01-25T12:39:50 CST">
          <reporter-output>
          </reporter-output>
        </test-method> <!-- tearDown -->
        <test-method status="PASS" signature="setUp()[pri:0, instance:com.hrms.testcases.AddEmployeePageTest@15d0c81b]" name="setUp" is-config="true" duration-ms="1978" started-at="2020-01-25T12:39:50 CST" finished-at="2020-01-25T12:39:52 CST">
          <reporter-output>
          </reporter-output>
        </test-method> <!-- setUp -->
        <test-method status="PASS" signature="addEmpWithDataProvider(java.lang.String, java.lang.String)[pri:0, instance:com.hrms.testcases.AddEmployeePageTest@15d0c81b]" name="addEmpWithDataProvider" duration-ms="6348" started-at="2020-01-25T12:39:52 CST" data-provider="addEmployee" finished-at="2020-01-25T12:39:59 CST">
          <params>
            <param index="0">
              <value>
                <![CDATA[Arthur]]>
              </value>
            </param>
            <param index="1">
              <value>
                <![CDATA[Brown]]>
              </value>
            </param>
          </params>
          <reporter-output>
          </reporter-output>
        </test-method> <!-- addEmpWithDataProvider -->
        <test-method status="PASS" signature="tearDown()[pri:0, instance:com.hrms.testcases.AddEmployeePageTest@15d0c81b]" name="tearDown" is-config="true" duration-ms="72" started-at="2020-01-25T12:39:59 CST" finished-at="2020-01-25T12:39:59 CST">
          <reporter-output>
          </reporter-output>
        </test-method> <!-- tearDown -->
        <test-method status="PASS" signature="setUp()[pri:0, instance:com.hrms.testcases.AddEmployeePageTest@15d0c81b]" name="setUp" is-config="true" duration-ms="2552" started-at="2020-01-25T12:39:59 CST" finished-at="2020-01-25T12:40:02 CST">
          <reporter-output>
          </reporter-output>
        </test-method> <!-- setUp -->
        <test-method status="PASS" signature="addEmpWithDataProvider(java.lang.String, java.lang.String)[pri:0, instance:com.hrms.testcases.AddEmployeePageTest@15d0c81b]" name="addEmpWithDataProvider" duration-ms="9395" started-at="2020-01-25T12:40:02 CST" data-provider="addEmployee" finished-at="2020-01-25T12:40:11 CST">
          <params>
            <param index="0">
              <value>
                <![CDATA[Addison]]>
              </value>
            </param>
            <param index="1">
              <value>
                <![CDATA[Brown]]>
              </value>
            </param>
          </params>
          <reporter-output>
          </reporter-output>
        </test-method> <!-- addEmpWithDataProvider -->
        <test-method status="PASS" signature="tearDown()[pri:0, instance:com.hrms.testcases.AddEmployeePageTest@15d0c81b]" name="tearDown" is-config="true" duration-ms="70" started-at="2020-01-25T12:40:12 CST" finished-at="2020-01-25T12:40:12 CST">
          <reporter-output>
          </reporter-output>
        </test-method> <!-- tearDown -->
        <test-method status="PASS" signature="setUp()[pri:0, instance:com.hrms.testcases.AddEmployeePageTest@15d0c81b]" name="setUp" is-config="true" duration-ms="2067" started-at="2020-01-25T12:40:12 CST" finished-at="2020-01-25T12:40:14 CST">
          <reporter-output>
          </reporter-output>
        </test-method> <!-- setUp -->
        <test-method status="PASS" signature="addEmployeeValidation()[pri:0, instance:com.hrms.testcases.AddEmployeePageTest@15d0c81b]" name="addEmployeeValidation" duration-ms="8760" started-at="2020-01-25T12:40:14 CST" finished-at="2020-01-25T12:40:23 CST">
          <reporter-output>
          </reporter-output>
        </test-method> <!-- addEmployeeValidation -->
        <test-method status="PASS" signature="tearDown()[pri:0, instance:com.hrms.testcases.AddEmployeePageTest@15d0c81b]" name="tearDown" is-config="true" duration-ms="69" started-at="2020-01-25T12:40:23 CST" finished-at="2020-01-25T12:40:23 CST">
          <reporter-output>
          </reporter-output>
        </test-method> <!-- tearDown -->
        <test-method status="PASS" signature="completeReport()[pri:0, instance:com.hrms.testcases.AddEmployeePageTest@15d0c81b]" name="completeReport" is-config="true" duration-ms="264" started-at="2020-01-25T12:40:37 CST" finished-at="2020-01-25T12:40:38 CST">
          <reporter-output>
          </reporter-output>
        </test-method> <!-- completeReport -->
      </class> <!-- com.hrms.testcases.AddEmployeePageTest -->
      <class name="com.hrms.testcases.LeaveListPageTest">
        <test-method status="PASS" signature="setUp()[pri:0, instance:com.hrms.testcases.LeaveListPageTest@27a8c74e]" name="setUp" is-config="true" duration-ms="2108" started-at="2020-01-25T12:40:23 CST" finished-at="2020-01-25T12:40:26 CST">
          <reporter-output>
          </reporter-output>
        </test-method> <!-- setUp -->
        <test-method status="PASS" signature="leaveLabelValidation()[pri:0, instance:com.hrms.testcases.LeaveListPageTest@27a8c74e]" name="leaveLabelValidation" duration-ms="4814" started-at="2020-01-25T12:40:26 CST" finished-at="2020-01-25T12:40:30 CST">
          <reporter-output>
          </reporter-output>
        </test-method> <!-- leaveLabelValidation -->
        <test-method status="PASS" signature="tearDown()[pri:0, instance:com.hrms.testcases.LeaveListPageTest@27a8c74e]" name="tearDown" is-config="true" duration-ms="70" started-at="2020-01-25T12:40:31 CST" finished-at="2020-01-25T12:40:31 CST">
          <reporter-output>
          </reporter-output>
        </test-method> <!-- tearDown -->
        <test-method status="PASS" signature="setUp()[pri:0, instance:com.hrms.testcases.LeaveListPageTest@27a8c74e]" name="setUp" is-config="true" duration-ms="2186" started-at="2020-01-25T12:40:31 CST" finished-at="2020-01-25T12:40:33 CST">
          <reporter-output>
          </reporter-output>
        </test-method> <!-- setUp -->
        <test-method status="PASS" signature="leaveLableValidation1()[pri:0, instance:com.hrms.testcases.LeaveListPageTest@27a8c74e]" name="leaveLableValidation1" duration-ms="3354" started-at="2020-01-25T12:40:33 CST" finished-at="2020-01-25T12:40:37 CST">
          <reporter-output>
          </reporter-output>
        </test-method> <!-- leaveLableValidation1 -->
        <test-method status="PASS" signature="tearDown()[pri:0, instance:com.hrms.testcases.LeaveListPageTest@27a8c74e]" name="tearDown" is-config="true" duration-ms="76" started-at="2020-01-25T12:40:37 CST" finished-at="2020-01-25T12:40:37 CST">
          <reporter-output>
          </reporter-output>
        </test-method> <!-- tearDown -->
      </class> <!-- com.hrms.testcases.LeaveListPageTest -->
    </test> <!-- Regression Test -->
  </suite> <!-- Regression Suite -->
</testng-results>
